<?xml version="1.0" encoding="UTF-8"?>
<!-- Generated by org.testng.reporters.JUnitXMLReporter -->
<testsuite ignored="0" hostname="SanaLodhi" failures="1" tests="3" name="functions" time="12.163" errors="0" timestamp="2024-09-08T10:32:31 EDT">
  <testcase classname="Pro.Training.Tech.Students.SeleniumNewTest" name="f" time="0.005"/>
  <testcase classname="Pro.Training.Tech.Students.PageObjectModel" name="f" time="0.001">
    <failure type="java.lang.Error" message="Unresolved compilation problem: 
	The method Kindlestoresget() is undefined for the type Kindlestores
">
      <![CDATA[java.lang.Error: Unresolved compilation problem: 
The method Kindlestoresget() is undefined for the type Kindlestores

at Pro.Training.Tech.Students.PageObjectModel.f(PageObjectModel.java:38)
at java.base/java.util.ArrayList.forEach(ArrayList.java:1597)
... Removed 25 stack frames]]>
    </failure>
  </testcase> <!-- f -->
  <testcase classname="Pro.Training.Tech.Students.PageObjectModel" name="seconds" time="0.0">
    <skipped/>
  </testcase> <!-- seconds -->
</testsuite> <!-- functions -->
